<?xml version="1.0" encoding="UTF-8"?>
<testsuite xmlns:xsi="http://www.w3.org/2001/XMLSchema-instance" xsi:noNamespaceSchemaLocation="https://maven.apache.org/surefire/maven-surefire-plugin/xsd/surefire-test-report.xsd" name="pjatk.tau.ArrayListDietServiceTests" time="0.081" tests="7" errors="0" skipped="0" failures="0">
  <properties>
[...]
</properties>
  <testcase name="testNotNullDietList" classname="pjatk.tau.ArrayListDietServiceTests" time="0.001"/>
  <testcase name="testUpdateDiet" classname="pjatk.tau.ArrayListDietServiceTests" time="0.068"/>
  <testcase name="testThrowExceptionWhenNoDietsWereAdded" classname="pjatk.tau.ArrayListDietServiceTests" time="0.001"/>
  <testcase name="testGettingAllDiets" classname="pjatk.tau.ArrayListDietServiceTests" time="0"/>
  <testcase name="testDietDeletion" classname="pjatk.tau.ArrayListDietServiceTests" time="0.002"/>
  <testcase name="testAddingNewDietAndCheckingIfTheIdIsUpdated" classname="pjatk.tau.ArrayListDietServiceTests" time="0"/>
  <testcase name="testGettingOneDietFromMemory" classname="pjatk.tau.ArrayListDietServiceTests" time="0"/>
</testsuite>